TN:
SF:src\main\ui\core\js\modules\logStatus.js
FN:1,(anonymous_1)
FN:11,(anonymous_2)
FN:17,(anonymous_3)
FN:23,(anonymous_4)
FN:34,(anonymous_5)
FN:44,(anonymous_6)
FN:53,(anonymous_7)
FN:58,(anonymous_8)
FN:71,(anonymous_9)
FNF:9
FNH:1
FNDA:1,(anonymous_1)
FNDA:0,(anonymous_2)
FNDA:0,(anonymous_3)
FNDA:0,(anonymous_4)
FNDA:0,(anonymous_5)
FNDA:0,(anonymous_6)
FNDA:0,(anonymous_7)
FNDA:0,(anonymous_8)
FNDA:0,(anonymous_9)
DA:1,1
DA:4,1
DA:13,0
DA:14,0
DA:19,0
DA:20,0
DA:26,0
DA:27,0
DA:28,0
DA:31,0
DA:35,0
DA:36,0
DA:37,0
DA:39,0
DA:40,0
DA:46,0
DA:47,0
DA:48,0
DA:49,0
DA:54,0
DA:55,0
DA:59,0
DA:60,0
DA:61,0
DA:62,0
DA:63,0
DA:64,0
DA:71,0
DA:75,0
LF:29
LH:2
BRDA:39,1,0,0
BRDA:39,1,1,0
BRDA:39,2,0,0
BRDA:39,2,1,0
BRDA:63,3,0,0
BRDA:63,3,1,0
BRDA:63,4,0,0
BRDA:63,4,1,0
BRF:8
BRH:0
end_of_record
