{"src\\main\\ui\\core\\js\\modules\\logStatus.js":{"path":"src\\main\\ui\\core\\js\\modules\\logStatus.js","s":{"1":1,"2":1,"3":0,"4":0,"5":0,"6":0,"7":0,"8":0,"9":0,"10":0,"11":0,"12":0,"13":0,"14":0,"15":0,"16":0,"17":0,"18":0,"19":0,"20":0,"21":0,"22":0,"23":0,"24":0,"25":0,"26":0,"27":0,"28":0,"29":0},"b":{"1":[0,0],"2":[0,0],"3":[0,0],"4":[0,0]},"f":{"1":1,"2":0,"3":0,"4":0,"5":0,"6":0,"7":0,"8":0,"9":0},"fnMap":{"1":{"name":"(anonymous_1)","line":1,"loc":{"start":{"line":1,"column":1},"end":{"line":1,"column":12}}},"2":{"name":"(anonymous_2)","line":11,"loc":{"start":{"line":11,"column":19},"end":{"line":11,"column":30}}},"3":{"name":"(anonymous_3)","line":17,"loc":{"start":{"line":17,"column":21},"end":{"line":17,"column":32}}},"4":{"name":"(anonymous_4)","line":23,"loc":{"start":{"line":23,"column":20},"end":{"line":23,"column":41}}},"5":{"name":"(anonymous_5)","line":34,"loc":{"start":{"line":34,"column":25},"end":{"line":34,"column":36}}},"6":{"name":"(anonymous_6)","line":44,"loc":{"start":{"line":44,"column":27},"end":{"line":44,"column":38}}},"7":{"name":"(anonymous_7)","line":53,"loc":{"start":{"line":53,"column":30},"end":{"line":53,"column":45}}},"8":{"name":"(anonymous_8)","line":58,"loc":{"start":{"line":58,"column":14},"end":{"line":58,"column":77}}},"9":{"name":"(anonymous_9)","line":71,"loc":{"start":{"line":71,"column":1},"end":{"line":71,"column":12}}}},"statementMap":{"1":{"start":{"line":1,"column":0},"end":{"line":69,"column":5}},"2":{"start":{"line":4,"column":4},"end":{"line":67,"column":6}},"3":{"start":{"line":13,"column":12},"end":{"line":13,"column":69}},"4":{"start":{"line":14,"column":12},"end":{"line":14,"column":39}},"5":{"start":{"line":19,"column":12},"end":{"line":19,"column":69}},"6":{"start":{"line":20,"column":12},"end":{"line":20,"column":47}},"7":{"start":{"line":26,"column":12},"end":{"line":26,"column":61}},"8":{"start":{"line":27,"column":12},"end":{"line":27,"column":65}},"9":{"start":{"line":28,"column":12},"end":{"line":28,"column":66}},"10":{"start":{"line":31,"column":12},"end":{"line":31,"column":68}},"11":{"start":{"line":35,"column":12},"end":{"line":35,"column":27}},"12":{"start":{"line":36,"column":12},"end":{"line":36,"column":44}},"13":{"start":{"line":37,"column":12},"end":{"line":37,"column":57}},"14":{"start":{"line":39,"column":12},"end":{"line":41,"column":13}},"15":{"start":{"line":40,"column":16},"end":{"line":40,"column":41}},"16":{"start":{"line":46,"column":12},"end":{"line":46,"column":28}},"17":{"start":{"line":47,"column":12},"end":{"line":47,"column":61}},"18":{"start":{"line":48,"column":12},"end":{"line":48,"column":26}},"19":{"start":{"line":49,"column":12},"end":{"line":50,"column":60}},"20":{"start":{"line":54,"column":12},"end":{"line":54,"column":51}},"21":{"start":{"line":55,"column":12},"end":{"line":55,"column":71}},"22":{"start":{"line":59,"column":12},"end":{"line":59,"column":41}},"23":{"start":{"line":60,"column":12},"end":{"line":60,"column":46}},"24":{"start":{"line":61,"column":12},"end":{"line":61,"column":48}},"25":{"start":{"line":62,"column":12},"end":{"line":62,"column":52}},"26":{"start":{"line":63,"column":12},"end":{"line":65,"column":13}},"27":{"start":{"line":64,"column":16},"end":{"line":64,"column":39}},"28":{"start":{"line":71,"column":0},"end":{"line":78,"column":5}},"29":{"start":{"line":75,"column":4},"end":{"line":75,"column":109}}},"branchMap":{"1":{"line":39,"type":"if","locations":[{"start":{"line":39,"column":12},"end":{"line":39,"column":12}},{"start":{"line":39,"column":12},"end":{"line":39,"column":12}}]},"2":{"line":39,"type":"binary-expr","locations":[{"start":{"line":39,"column":16},"end":{"line":39,"column":26}},{"start":{"line":39,"column":30},"end":{"line":39,"column":45}}]},"3":{"line":63,"type":"if","locations":[{"start":{"line":63,"column":12},"end":{"line":63,"column":12}},{"start":{"line":63,"column":12},"end":{"line":63,"column":12}}]},"4":{"line":63,"type":"binary-expr","locations":[{"start":{"line":63,"column":16},"end":{"line":63,"column":42}},{"start":{"line":63,"column":46},"end":{"line":63,"column":55}}]}}}}